<?xml version="1.0" encoding="UTF-8"?>
<!-- Generated by org.testng.reporters.JUnitReportReporter -->
<testsuite hostname="DESKTOP-9VPGQQF" failures="0" tests="8"
	name="com.starquick.test.OrangeHRMTests" time="377.092" errors="0"
	timestamp="2024-05-22T16:59:42 IST" skipped="0">
	<testcase classname="com.starquick.test.OrangeHRMTests"
		name="loginlogout" time="53.571" />
	<testcase classname="com.starquick.test.OrangeHRMTests"
		name="loginlogout" time="48.303" />
	<testcase classname="com.starquick.test.OrangeHRMTests"
		name="loginlogout" time="51.055" />
	<testcase classname="com.starquick.test.OrangeHRMTests"
		name="loginlogout" time="51.322" />
	<testcase classname="com.starquick.test.OrangeHRMTests"
		name="loginlogout" time="48.212" />
	<testcase classname="com.starquick.test.OrangeHRMTests"
		name="loginlogout" time="52.391" />
	<testcase classname="com.starquick.test.OrangeHRMTests"
		name="loginlogout" time="27.266" />
	<testcase classname="com.starquick.test.OrangeHRMTests"
		name="loginlogout" time="44.972" />
</testsuite> <!-- com.starquick.test.OrangeHRMTests -->
