<?xml version="1.0" encoding="UTF-8"?>
<!-- Generated by org.testng.reporters.JUnitReportReporter -->
<testsuite hostname="DESKTOP-9VPGQQF" failures="0" tests="8" name="com.starquick.test.OrangeHRMTests" time="554.705" errors="0" timestamp="2024-05-19T13:38:22 IST" skipped="0">
  <testcase classname="com.starquick.test.OrangeHRMTests" name="loginlogout" time="55.555"/>
  <testcase classname="com.starquick.test.OrangeHRMTests" name="loginlogout" time="41.449"/>
  <testcase classname="com.starquick.test.OrangeHRMTests" name="loginlogout" time="107.513"/>
  <testcase classname="com.starquick.test.OrangeHRMTests" name="loginlogout" time="21.564"/>
  <testcase classname="com.starquick.test.OrangeHRMTests" name="loginlogout" time="114.307"/>
  <testcase classname="com.starquick.test.OrangeHRMTests" name="loginlogout" time="108.176"/>
  <testcase classname="com.starquick.test.OrangeHRMTests" name="loginlogout" time="58.348"/>
  <testcase classname="com.starquick.test.OrangeHRMTests" name="loginlogout" time="47.793"/>
</testsuite> <!-- com.starquick.test.OrangeHRMTests -->
