<?xml version="1.0" encoding="UTF-8"?>
<!-- Generated by org.testng.reporters.JUnitReportReporter -->
<testsuite hostname="DESKTOP-CG41JSG" failures="0" tests="27" name="com.starquick.test.testuser" time="1707.472" errors="0" timestamp="2024-09-06T11:07:35 IST" skipped="0">
  <testcase classname="com.starquick.test.testuser" name="Milksearchproduct" time="133.308"/>
  <testcase classname="com.starquick.test.testuser" name="Milksearchproduct" time="62.817"/>
  <testcase classname="com.starquick.test.testuser" name="Milksearchproduct" time="111.211"/>
  <testcase classname="com.starquick.test.testuser" name="Rusksearchproduct" time="25.094"/>
  <testcase classname="com.starquick.test.testuser" name="Rusksearchproduct" time="67.664"/>
  <testcase classname="com.starquick.test.testuser" name="Rusksearchproduct" time="122.782"/>
  <testcase classname="com.starquick.test.testuser" name="Rusksearchproduct" time="18.875"/>
  <testcase classname="com.starquick.test.testuser" name="Onionsearchproduct" time="60.242"/>
  <testcase classname="com.starquick.test.testuser" name="Onionsearchproduct" time="29.364"/>
  <testcase classname="com.starquick.test.testuser" name="Onionsearchproduct" time="41.425"/>
  <testcase classname="com.starquick.test.testuser" name="Onionsearchproduct" time="23.494"/>
  <testcase classname="com.starquick.test.testuser" name="Onionsearchproduct" time="107.969"/>
  <testcase classname="com.starquick.test.testuser" name="detergentsearchproduct" time="105.832"/>
  <testcase classname="com.starquick.test.testuser" name="detergentsearchproduct" time="24.065"/>
  <testcase classname="com.starquick.test.testuser" name="detergentsearchproduct" time="96.499"/>
  <testcase classname="com.starquick.test.testuser" name="detergentsearchproduct" time="129.139"/>
  <testcase classname="com.starquick.test.testuser" name="detergentsearchproduct" time="37.124"/>
  <testcase classname="com.starquick.test.testuser" name="searchcookoil" time="34.617"/>
  <testcase classname="com.starquick.test.testuser" name="searchcookoil" time="39.241"/>
  <testcase classname="com.starquick.test.testuser" name="searchcookoil" time="168.109"/>
  <testcase classname="com.starquick.test.testuser" name="searchcookoil" time="31.401"/>
  <testcase classname="com.starquick.test.testuser" name="searchcookoil" time="20.540"/>
  <testcase classname="com.starquick.test.testuser" name="softdrink" time="104.496"/>
  <testcase classname="com.starquick.test.testuser" name="softdrink" time="17.559"/>
  <testcase classname="com.starquick.test.testuser" name="softdrink" time="28.650"/>
  <testcase classname="com.starquick.test.testuser" name="softdrink" time="13.738"/>
  <testcase classname="com.starquick.test.testuser" name="softdrink" time="52.217"/>
</testsuite> <!-- com.starquick.test.testuser -->
