<?xml version="1.0" encoding="UTF-8"?>
<!-- Generated by org.testng.reporters.JUnitReportReporter -->
<testsuite hostname="DESKTOP-9VPGQQF" failures="0" tests="3" name="com.starquick.test.OrangeHRMTests" time="133.567" errors="0" timestamp="2024-05-14T15:39:30 IST" skipped="0">
  <testcase classname="com.starquick.test.OrangeHRMTests" name="loginlogout" time="43.428"/>
  <testcase classname="com.starquick.test.OrangeHRMTests" name="loginlogout" time="43.683"/>
  <testcase classname="com.starquick.test.OrangeHRMTests" name="loginlogout" time="46.456"/>
</testsuite> <!-- com.starquick.test.OrangeHRMTests -->
