<?xml version="1.0" encoding="UTF-8"?>
<!-- Generated by org.testng.reporters.JUnitReportReporter -->
<testsuite hostname="DESKTOP-9VPGQQF" failures="0" tests="1" name="com.starquick.test.starquickAddproduct" time="12.746" errors="0" timestamp="2024-05-26T17:21:54 IST" skipped="0">
  <testcase classname="com.starquick.test.starquickAddproduct" name="Searchproduct" time="12.746"/>
</testsuite> <!-- com.starquick.test.starquickAddproduct -->
