<?xml version="1.0" encoding="UTF-8"?>
<!-- Generated by org.testng.reporters.JUnitReportReporter -->
<testsuite hostname="DESKTOP-CG41JSG" failures="0" tests="19" name="com.starquick.test.starquickaddcartjourney" time="1978.056" errors="0" timestamp="2024-09-12T11:58:14 IST" skipped="1">
  <testcase classname="com.starquick.test.starquickaddcartjourney" name="Milksearchproduct" time="97.949"/>
  <testcase classname="com.starquick.test.starquickaddcartjourney" name="Milksearchproduct" time="108.187"/>
  <testcase classname="com.starquick.test.starquickaddcartjourney" name="Milksearchproduct" time="153.803"/>
  <testcase classname="com.starquick.test.starquickaddcartjourney" name="Rusksearchproduct" time="154.581"/>
  <testcase classname="com.starquick.test.starquickaddcartjourney" name="Rusksearchproduct" time="134.405"/>
  <testcase classname="com.starquick.test.starquickaddcartjourney" name="Rusksearchproduct" time="117.639"/>
  <testcase classname="com.starquick.test.starquickaddcartjourney" name="Rusksearchproduct" time="158.796">
    <skipped/>
  </testcase> <!-- Rusksearchproduct -->
  <testcase classname="com.starquick.test.starquickaddcartjourney" name="Onionsearchproduct" time="72.964"/>
  <testcase classname="com.starquick.test.starquickaddcartjourney" name="Onionsearchproduct" time="77.498"/>
  <testcase classname="com.starquick.test.starquickaddcartjourney" name="Onionsearchproduct" time="65.369"/>
  <testcase classname="com.starquick.test.starquickaddcartjourney" name="detergentsearchproduct" time="118.820"/>
  <testcase classname="com.starquick.test.starquickaddcartjourney" name="detergentsearchproduct" time="80.070"/>
  <testcase classname="com.starquick.test.starquickaddcartjourney" name="detergentsearchproduct" time="110.215"/>
  <testcase classname="com.starquick.test.starquickaddcartjourney" name="searchcookoil" time="85.967"/>
  <testcase classname="com.starquick.test.starquickaddcartjourney" name="searchcookoil" time="100.709"/>
  <testcase classname="com.starquick.test.starquickaddcartjourney" name="searchcookoil" time="122.721"/>
  <testcase classname="com.starquick.test.starquickaddcartjourney" name="softdrink" time="87.142"/>
  <testcase classname="com.starquick.test.starquickaddcartjourney" name="softdrink" time="78.218"/>
  <testcase classname="com.starquick.test.starquickaddcartjourney" name="softdrink" time="53.003"/>
</testsuite> <!-- com.starquick.test.starquickaddcartjourney -->
