<?xml version="1.0" encoding="UTF-8"?>
<!-- Generated by org.testng.reporters.JUnitReportReporter -->
<testsuite hostname="DESKTOP-CG41JSG" failures="0" tests="2" name="com.starquick.test.starquickAddproduct" time="53.861" errors="0" timestamp="2024-07-19T12:09:30 IST" skipped="0">
  <testcase classname="com.starquick.test.starquickAddproduct" name="Searchproduct" time="26.228"/>
  <testcase classname="com.starquick.test.starquickAddproduct" name="Searchproduct" time="27.633"/>
</testsuite> <!-- com.starquick.test.starquickAddproduct -->
