<?xml version="1.0" encoding="UTF-8"?>
<!-- Generated by org.testng.reporters.JUnitReportReporter -->
<testsuite hostname="DESKTOP-CG41JSG" failures="0" tests="1" name="com.starquick.test.starquicklanding" time="13.691" errors="0" timestamp="2024-06-19T15:55:51 IST" skipped="0">
  <testcase classname="com.starquick.test.starquicklanding" name="Landing" time="13.691"/>
</testsuite> <!-- com.starquick.test.starquicklanding -->
