<?xml version="1.0" encoding="UTF-8"?>
<!-- Generated by org.testng.reporters.JUnitReportReporter -->
<testsuite hostname="DESKTOP-9VPGQQF" failures="0" tests="2"
	name="test.com.starquick.OrangeHRMTests" time="36.782" errors="0"
	timestamp="09 May 2024 09:56:11 GMT" skipped="0">
	<testcase classname="test.com.starquick.OrangeHRMTests"
		name="loginlogout" time="14.681" />
	<testcase classname="test.com.starquick.OrangeHRMTests"
		name="loginlogout" time="22.101" />
</testsuite> <!-- test.com.starquick.OrangeHRMTests -->
