<?xml version="1.0" encoding="UTF-8"?>
<!-- Generated by org.testng.reporters.JUnitReportReporter -->
<testsuite hostname="DESKTOP-9VPGQQF" failures="0" tests="2" name="com.starquick.test.starquickAddproduct" time="55.606" errors="0" timestamp="2024-06-28T14:21:00 IST" skipped="0">
  <testcase classname="com.starquick.test.starquickAddproduct" name="Searchproduct" time="35.805"/>
  <testcase classname="com.starquick.test.starquickAddproduct" name="Searchproduct" time="19.801"/>
</testsuite> <!-- com.starquick.test.starquickAddproduct -->
