<?xml version="1.0" encoding="UTF-8"?>
<!-- Generated by org.testng.reporters.JUnitReportReporter -->
<testsuite hostname="DESKTOP-9VPGQQF" failures="0" tests="1"
	name="test.com.starquick.LoginPageTest" time="26.015" errors="0"
	timestamp="2024-05-06T18:40:03 IST" skipped="0">
	<testcase classname="test.com.starquick.LoginPageTest"
		name="test1" time="26.015" />
</testsuite> <!-- test.com.starquick.LoginPageTest -->
