<?xml version="1.0" encoding="UTF-8"?>
<!-- Generated by org.testng.reporters.JUnitReportReporter -->
<testsuite hostname="DESKTOP-CG41JSG" failures="0" tests="19" name="com.starquick.test.OrangeHRMTests" time="437.285" errors="1" timestamp="2024-05-25T15:34:25 IST" skipped="11">
  <testcase classname="com.starquick.test.OrangeHRMTests" name="loginlogout" time="35.586"/>
  <testcase classname="com.starquick.test.OrangeHRMTests" name="loginlogout" time="12.488">
    <skipped/>
  </testcase> <!-- loginlogout -->
  <testcase classname="com.starquick.test.OrangeHRMTests" name="loginlogout" time="38.210">
    <skipped/>
  </testcase> <!-- loginlogout -->
  <testcase classname="com.starquick.test.OrangeHRMTests" name="loginlogout" time="48.070"/>
  <testcase classname="com.starquick.test.OrangeHRMTests" name="loginlogout" time="13.847">
    <skipped/>
  </testcase> <!-- loginlogout -->
  <testcase classname="com.starquick.test.OrangeHRMTests" name="loginlogout" time="57.776"/>
  <testcase classname="com.starquick.test.OrangeHRMTests" name="loginlogout" time="46.449"/>
  <testcase classname="com.starquick.test.OrangeHRMTests" name="loginlogout" time="19.582">
    <skipped/>
  </testcase> <!-- loginlogout -->
  <testcase classname="com.starquick.test.OrangeHRMTests" name="loginlogout" time="11.216">
    <skipped/>
  </testcase> <!-- loginlogout -->
  <testcase classname="com.starquick.test.OrangeHRMTests" name="loginlogout" time="55.957"/>
  <testcase classname="com.starquick.test.OrangeHRMTests" name="loginlogout" time="4.190">
    <skipped/>
  </testcase> <!-- loginlogout -->
  <testcase classname="com.starquick.test.OrangeHRMTests" name="loginlogout" time="0.000">
    <skipped/>
  </testcase> <!-- loginlogout -->
  <testcase classname="com.starquick.test.OrangeHRMTests" name="loginlogout" time="0.001">
    <skipped/>
  </testcase> <!-- loginlogout -->
  <testcase classname="com.starquick.test.OrangeHRMTests" name="setUp" time="45.044">
    <error message="Could not start a new session. Response code 500. Message: New session attempts retry count exceeded 
Host info: host: &#039;DESKTOP-CG41JSG&#039;, ip: &#039;192.168.0.102&#039;
Build info: version: &#039;4.20.0&#039;, revision: &#039;866c76ca80&#039;
System info: os.name: &#039;Windows 10&#039;, os.arch: &#039;amd64&#039;, os.version: &#039;10.0&#039;, java.version: &#039;17.0.10&#039;
Driver info: org.openqa.selenium.remote.RemoteWebDriver
Command: [null, newSession {capabilities=[Capabilities {acceptInsecureCerts: true, browserName: firefox, moz:debuggerAddress: true, moz:firefoxOptions: {}, selenoid:options: {enableVNC: true, enableVideo: true, env: [TZ=UTC], labels: {manual: false}, name: Selenoid FireFox, sessionTimeout: 15m}}]}]
Capabilities {acceptInsecureCerts: true, browserName: firefox, moz:debuggerAddress: true, moz:firefoxOptions: {}, selenoid:options: {enableVNC: true, enableVideo: true, env: [TZ=UTC], labels: {manual: false}, name: Selenoid FireFox, sessionTimeout: 15m}}" type="org.openqa.selenium.SessionNotCreatedException">
      <![CDATA[org.openqa.selenium.SessionNotCreatedException: Could not start a new session. Response code 500. Message: New session attempts retry count exceeded 
Host info: host: 'DESKTOP-CG41JSG', ip: '192.168.0.102'
Build info: version: '4.20.0', revision: '866c76ca80'
System info: os.name: 'Windows 10', os.arch: 'amd64', os.version: '10.0', java.version: '17.0.10'
Driver info: org.openqa.selenium.remote.RemoteWebDriver
Command: [null, newSession {capabilities=[Capabilities {acceptInsecureCerts: true, browserName: firefox, moz:debuggerAddress: true, moz:firefoxOptions: {}, selenoid:options: {enableVNC: true, enableVideo: true, env: [TZ=UTC], labels: {manual: false}, name: Selenoid FireFox, sessionTimeout: 15m}}]}]
Capabilities {acceptInsecureCerts: true, browserName: firefox, moz:debuggerAddress: true, moz:firefoxOptions: {}, selenoid:options: {enableVNC: true, enableVideo: true, env: [TZ=UTC], labels: {manual: false}, name: Selenoid FireFox, sessionTimeout: 15m}}
at org.openqa.selenium.remote.ProtocolHandshake.createSession(ProtocolHandshake.java:114)
at org.openqa.selenium.remote.ProtocolHandshake.createSession(ProtocolHandshake.java:75)
at org.openqa.selenium.remote.ProtocolHandshake.createSession(ProtocolHandshake.java:61)
at org.openqa.selenium.remote.HttpCommandExecutor.execute(HttpCommandExecutor.java:162)
at org.openqa.selenium.remote.TracedCommandExecutor.execute(TracedCommandExecutor.java:51)
at org.openqa.selenium.remote.RemoteWebDriver.execute(RemoteWebDriver.java:518)
at org.openqa.selenium.remote.RemoteWebDriver.startSession(RemoteWebDriver.java:232)
at org.openqa.selenium.remote.RemoteWebDriver.<init>(RemoteWebDriver.java:161)
at org.openqa.selenium.remote.RemoteWebDriver.<init>(RemoteWebDriver.java:141)
at com.starquick.manager.DriverFactory.getDriver(DriverFactory.java:81)
at com.starquick.manager.Driver.initDriver(Driver.java:19)
at com.starquick.test.BaseTest.setUp(BaseTest.java:20)
at java.base/jdk.internal.reflect.NativeMethodAccessorImpl.invoke0(Native Method)
at java.base/jdk.internal.reflect.NativeMethodAccessorImpl.invoke(NativeMethodAccessorImpl.java:77)
at java.base/jdk.internal.reflect.DelegatingMethodAccessorImpl.invoke(DelegatingMethodAccessorImpl.java:43)
at java.base/java.lang.reflect.Method.invoke(Method.java:568)
at org.testng.internal.invokers.MethodInvocationHelper.invokeMethod(MethodInvocationHelper.java:141)
at org.testng.internal.invokers.MethodInvocationHelper.invokeMethodConsideringTimeout(MethodInvocationHelper.java:71)
at org.testng.internal.invokers.ConfigInvoker.invokeConfigurationMethod(ConfigInvoker.java:400)
at org.testng.internal.invokers.ConfigInvoker.invokeConfigurations(ConfigInvoker.java:333)
at org.testng.internal.invokers.TestInvoker.runConfigMethods(TestInvoker.java:833)
at org.testng.internal.invokers.TestInvoker.invokeMethod(TestInvoker.java:600)
at org.testng.internal.invokers.TestInvoker.invokeTestMethod(TestInvoker.java:230)
at org.testng.internal.invokers.TestMethodWithDataProviderMethodWorker.call(TestMethodWithDataProviderMethodWorker.java:81)
at org.testng.internal.thread.Async$AsyncTask.run(Async.java:34)
at java.base/java.util.concurrent.ThreadPoolExecutor.runWorker(ThreadPoolExecutor.java:1136)
at java.base/java.util.concurrent.ThreadPoolExecutor$Worker.run(ThreadPoolExecutor.java:635)
at java.base/java.lang.Thread.run(Thread.java:842)
]]>
    </error>
  </testcase> <!-- setUp -->
  <testcase classname="com.starquick.test.OrangeHRMTests" name="loginlogout" time="24.971"/>
  <testcase classname="com.starquick.test.OrangeHRMTests" name="loginlogout" time="6.867">
    <skipped/>
  </testcase> <!-- loginlogout -->
  <testcase classname="com.starquick.test.OrangeHRMTests" name="loginlogout" time="16.821"/>
  <testcase classname="com.starquick.test.OrangeHRMTests" name="loginlogout" time="0.210">
    <skipped/>
  </testcase> <!-- loginlogout -->
  <testcase classname="com.starquick.test.OrangeHRMTests" name="loginlogout" time="0.000">
    <skipped/>
  </testcase> <!-- loginlogout -->
</testsuite> <!-- com.starquick.test.OrangeHRMTests -->
