<?xml version="1.0" encoding="UTF-8"?>
<!-- Generated by org.testng.reporters.JUnitReportReporter -->
<testsuite hostname="DESKTOP-CG41JSG" failures="0" tests="6" name="com.starquick.test.starquickaddcartjourney" time="620.524" errors="0" timestamp="2024-09-12T15:18:25 IST" skipped="0">
  <testcase classname="com.starquick.test.starquickaddcartjourney" name="Milksearchproduct" time="89.075"/>
  <testcase classname="com.starquick.test.starquickaddcartjourney" name="Milksearchproduct" time="114.574"/>
  <testcase classname="com.starquick.test.starquickaddcartjourney" name="Milksearchproduct" time="104.375"/>
  <testcase classname="com.starquick.test.starquickaddcartjourney" name="Rusksearchproduct" time="106.200"/>
  <testcase classname="com.starquick.test.starquickaddcartjourney" name="Rusksearchproduct" time="99.118"/>
  <testcase classname="com.starquick.test.starquickaddcartjourney" name="Rusksearchproduct" time="107.182"/>
</testsuite> <!-- com.starquick.test.starquickaddcartjourney -->
